INFO [2023-03-09 14:14:58] Starting tca...
INFO [2023-03-09 14:14:58] Validating input...
INFO [2023-03-09 14:14:58] Starting re-estimation of W...
INFO [2023-03-09 14:14:58] Performing feature selection using refactor...
INFO [2023-03-09 14:14:58] Starting refactor...
INFO [2023-03-09 14:14:58] Running PCA on X using rand_svd == TRUE...
INFO [2023-03-09 14:14:58] Computing a low rank approximation of X...
INFO [2023-03-09 14:14:58] Calculating the distance of each feature from its low rank approximation...
INFO [2023-03-09 14:14:58] Computing the ReFACTor components based on the top 500 features with lowest distances...
INFO [2023-03-09 14:14:58] Finished refactor.
INFO [2023-03-09 14:14:58] Fitting the TCA model using the selected features for re-estimating W...
INFO [2023-03-09 14:14:58] Iteration 1 out of 10 external iterations (fitting all parameters including W)...
INFO [2023-03-09 14:14:58] Fitting means and variances...
INFO [2023-03-09 14:14:58] Iteration 1 out of 10 internal iterations...
INFO [2023-03-09 14:14:58] Iteration 2 out of 10 internal iterations...
INFO [2023-03-09 14:14:58] Iteration 3 out of 10 internal iterations...
INFO [2023-03-09 14:14:59] Internal loop converged.
INFO [2023-03-09 14:14:59] Fitting W...
INFO [2023-03-09 14:15:00] Iteration 2 out of 10 external iterations (fitting all parameters including W)...
INFO [2023-03-09 14:15:00] Fitting means and variances...
INFO [2023-03-09 14:15:00] Iteration 1 out of 10 internal iterations...
INFO [2023-03-09 14:15:00] Iteration 2 out of 10 internal iterations...
INFO [2023-03-09 14:15:00] Internal loop converged.
INFO [2023-03-09 14:15:00] Fitting W...
INFO [2023-03-09 14:15:01] Iteration 3 out of 10 external iterations (fitting all parameters including W)...
INFO [2023-03-09 14:15:01] Fitting means and variances...
INFO [2023-03-09 14:15:01] Iteration 1 out of 10 internal iterations...
INFO [2023-03-09 14:15:01] Iteration 2 out of 10 internal iterations...
INFO [2023-03-09 14:15:01] Internal loop converged.
INFO [2023-03-09 14:15:01] Fitting W...
INFO [2023-03-09 14:15:03] Iteration 4 out of 10 external iterations (fitting all parameters including W)...
INFO [2023-03-09 14:15:03] Fitting means and variances...
INFO [2023-03-09 14:15:03] Iteration 1 out of 10 internal iterations...
INFO [2023-03-09 14:15:03] Iteration 2 out of 10 internal iterations...
INFO [2023-03-09 14:15:03] Internal loop converged.
INFO [2023-03-09 14:15:03] Fitting W...
INFO [2023-03-09 14:15:04] External loop converged.
INFO [2023-03-09 14:15:04] Calculate p-values for deltas and gammas.
INFO [2023-03-09 14:15:04] Fitting the TCA model given the updated W...
INFO [2023-03-09 14:15:04] Fitting means and variances...
INFO [2023-03-09 14:15:05] Iteration 1 out of 10 internal iterations...
INFO [2023-03-09 14:15:05] Iteration 2 out of 10 internal iterations...
INFO [2023-03-09 14:15:05] Internal loop converged.
INFO [2023-03-09 14:15:05] Calculate p-values for deltas and gammas.
INFO [2023-03-09 14:15:05] Finished tca.
INFO [2023-03-09 14:15:10] Validating input...
INFO [2023-03-09 14:15:10] Starting tensor for estimating Z...
INFO [2023-03-09 14:15:10] Estimate tensor...
INFO [2023-03-09 14:15:13] Finished estimating tensor.
